<?xml version="1.0" encoding="UTF-8"?>
<!-- Generated by org.testng.reporters.JUnitXMLReporter -->
<testsuite hostname="feiwin7vm67" ignored="1" name="Default test" tests="1" failures="0" timestamp="10 Sep 2018 09:59:35 GMT" time="13.747" errors="0">
  <testcase name="MTC001" time="12.436" classname="TestRestAPI.SalesOrder.listTransactionSummaryforSourceBid"/>
  <testcase name="MTC002" time="0.0" classname="TestRestAPI.SalesOrder.listTransactionSummaryforSourceBid">
    <ignored/>
  </testcase> <!-- MTC002 -->
</testsuite> <!-- Default test -->
