<?xml version="1.0" encoding="UTF-8"?>
<!-- Generated by org.testng.reporters.JUnitXMLReporter -->
<testsuite hostname="feiwin7vm67" ignored="1" name="listTransactionSummaryforSourceBid" tests="1" failures="0" timestamp="10 Sep 2018 11:07:10 GMT" time="15.109" errors="0">
  <testcase name="MTC001" time="13.939" classname="TestRestAPI.SalesOrder.listTransactionSummaryforSourceBid"/>
  <testcase name="MTC002" time="0.0" classname="TestRestAPI.SalesOrder.listTransactionSummaryforSourceBid">
    <ignored/>
  </testcase> <!-- MTC002 -->
</testsuite> <!-- listTransactionSummaryforSourceBid -->
