<?xml version="1.0" encoding="UTF-8"?>
<!-- Generated by org.testng.reporters.JUnitXMLReporter -->
<testsuite hostname="feiwin7vm67" ignored="1" name="test" tests="1" failures="0" timestamp="10 Sep 2018 11:12:30 GMT" time="7.239" errors="0">
  <testcase name="MTC001" time="6.158" classname="TestRestAPI.SalesOrder.listTransactionSummaryforSourceBid"/>
  <testcase name="MTC002" time="0.0" classname="TestRestAPI.SalesOrder.listTransactionSummaryforSourceBid">
    <ignored/>
  </testcase> <!-- MTC002 -->
</testsuite> <!-- test -->
